<?xml version="1.0" encoding="UTF-8"?>
<testng-results ignored="0" total="3" passed="3" failed="0" skipped="0">
  <reporter-output>
  </reporter-output>
  <suite started-at="2024-05-27T20:27:46 IST" name="Suite" finished-at="2024-05-27T20:28:13 IST" duration-ms="26681">
    <groups>
    </groups>
    <test started-at="2024-05-27T20:27:46 IST" name="ChromeTest" finished-at="2024-05-27T20:28:03 IST" duration-ms="16636">
      <class name="sel.Crossbr">
        <test-method is-config="true" signature="setup(java.lang.String)[pri:0, instance:sel.Crossbr@294425a7]" started-at="2024-05-27T20:27:46 IST" name="setup" finished-at="2024-05-27T20:27:53 IST" duration-ms="6452" status="PASS">
          <params>
            <param index="0">
              <value>
                <![CDATA[chrome]]>
              </value>
            </param>
          </params>
          <reporter-output>
          </reporter-output>
        </test-method> <!-- setup -->
        <test-method signature="petStore()[pri:0, instance:sel.Crossbr@294425a7]" started-at="2024-05-27T20:27:53 IST" name="petStore" finished-at="2024-05-27T20:28:03 IST" duration-ms="9946" status="PASS">
          <reporter-output>
          </reporter-output>
        </test-method> <!-- petStore -->
      </class> <!-- sel.Crossbr -->
    </test> <!-- ChromeTest -->
    <test started-at="2024-05-27T20:27:46 IST" name="EdgeTest" finished-at="2024-05-27T20:28:05 IST" duration-ms="19009">
      <class name="sel.Crossbr">
        <test-method is-config="true" signature="setup(java.lang.String)[pri:0, instance:sel.Crossbr@9f116cc]" started-at="2024-05-27T20:27:46 IST" name="setup" finished-at="2024-05-27T20:27:53 IST" duration-ms="6930" status="PASS">
          <params>
            <param index="0">
              <value>
                <![CDATA[edge]]>
              </value>
            </param>
          </params>
          <reporter-output>
          </reporter-output>
        </test-method> <!-- setup -->
        <test-method signature="petStore()[pri:0, instance:sel.Crossbr@9f116cc]" started-at="2024-05-27T20:27:53 IST" name="petStore" finished-at="2024-05-27T20:28:05 IST" duration-ms="12023" status="PASS">
          <reporter-output>
          </reporter-output>
        </test-method> <!-- petStore -->
      </class> <!-- sel.Crossbr -->
    </test> <!-- EdgeTest -->
    <test started-at="2024-05-27T20:27:46 IST" name="FirefoxTest" finished-at="2024-05-27T20:28:13 IST" duration-ms="26681">
      <class name="sel.Crossbr">
        <test-method is-config="true" signature="setup(java.lang.String)[pri:0, instance:sel.Crossbr@5f058f00]" started-at="2024-05-27T20:27:46 IST" name="setup" finished-at="2024-05-27T20:28:06 IST" duration-ms="19480" status="PASS">
          <params>
            <param index="0">
              <value>
                <![CDATA[firefox]]>
              </value>
            </param>
          </params>
          <reporter-output>
          </reporter-output>
        </test-method> <!-- setup -->
        <test-method signature="petStore()[pri:0, instance:sel.Crossbr@5f058f00]" started-at="2024-05-27T20:28:06 IST" name="petStore" finished-at="2024-05-27T20:28:13 IST" duration-ms="7148" status="PASS">
          <reporter-output>
          </reporter-output>
        </test-method> <!-- petStore -->
      </class> <!-- sel.Crossbr -->
    </test> <!-- FirefoxTest -->
  </suite> <!-- Suite -->
</testng-results>
